

*******************************************************************************
Sun May 18 18:08:13 2014


FIT:    data read from 'data.dat' u 1:3
	x range restricted to [0.00100000 : 0.0500000]
        #datapoints = 4
        residuals are weighted equally (unit weight)

function used for fitting: f1(x)
fitted parameters initialized with current variable values



 Iteration 0
 WSSR        : 3.13332e+06       delta(WSSR)/WSSR   : 0
 delta(WSSR) : 0                 limit for stopping : 1e-05
 lambda	  : 3793.18

initial set of free parameter values

a1              = 3
b1              = -1

After 66 iterations the fit converged.
final sum of squares of residuals : 6.74767e-06
rel. change during last iteration : -3.65727e-06

degrees of freedom    (FIT_NDF)                        : 2
rms of residuals      (FIT_STDFIT) = sqrt(WSSR/ndf)    : 0.0018368
variance of residuals (reduced chisquare) = WSSR/ndf   : 3.37384e-06

Final set of parameters            Asymptotic Standard Error
=======================            ==========================

a1              = 3.57435          +/- 0.6847       (19.16%)
b1              = 0.917263         +/- 0.04327      (4.718%)


correlation matrix of the fit parameters:

               a1     b1     
a1              1.000 
b1              0.995  1.000 


*******************************************************************************
Sun May 18 18:08:13 2014


FIT:    data read from 'data.dat' u 1:8
	x range restricted to [0.00100000 : 0.0500000]
        #datapoints = 4
        residuals are weighted equally (unit weight)

function used for fitting: f2(x)
fitted parameters initialized with current variable values



 Iteration 0
 WSSR        : 8.70169e+06       delta(WSSR)/WSSR   : 0
 delta(WSSR) : 0                 limit for stopping : 1e-05
 lambda	  : 6315.84

initial set of free parameter values

a2              = 5
b2              = -1

After 32 iterations the fit converged.
final sum of squares of residuals : 6.10976e-05
rel. change during last iteration : -3.50217e-06

degrees of freedom    (FIT_NDF)                        : 2
rms of residuals      (FIT_STDFIT) = sqrt(WSSR/ndf)    : 0.0055271
variance of residuals (reduced chisquare) = WSSR/ndf   : 3.05488e-05

Final set of parameters            Asymptotic Standard Error
=======================            ==========================

a2              = 4.51786          +/- 0.2607       (5.77%)
b2              = 0.518722         +/- 0.01231      (2.372%)


correlation matrix of the fit parameters:

               a2     b2     
a2              1.000 
b2              0.991  1.000 


*******************************************************************************
Sun May 18 18:08:13 2014


FIT:    data read from 'data.dat' u 1:13
	x range restricted to [0.00100000 : 0.0500000]
        #datapoints = 4
        residuals are weighted equally (unit weight)

function used for fitting: f3(x)
fitted parameters initialized with current variable values



 Iteration 0
 WSSR        : 8.63332e+06       delta(WSSR)/WSSR   : 0
 delta(WSSR) : 0                 limit for stopping : 1e-05
 lambda	  : 6315.84

initial set of free parameter values

a3              = 5
b3              = -1

After 13 iterations the fit converged.
final sum of squares of residuals : 4.68631e-26
rel. change during last iteration : 0

degrees of freedom    (FIT_NDF)                        : 2
rms of residuals      (FIT_STDFIT) = sqrt(WSSR/ndf)    : 1.53074e-13
variance of residuals (reduced chisquare) = WSSR/ndf   : 2.34315e-26

BREAK:          Singular matrix in Invert_RtR



*******************************************************************************
Sun May 18 18:15:34 2014


FIT:    data read from 'data.dat' u 1:3
	x range restricted to [0.00100000 : 0.0500000]
        #datapoints = 4
        residuals are weighted equally (unit weight)

function used for fitting: f1(x)
fitted parameters initialized with current variable values



 Iteration 0
 WSSR        : 3.13334e+06       delta(WSSR)/WSSR   : 0
 delta(WSSR) : 0                 limit for stopping : 1e-05
 lambda	  : 3793.18

initial set of free parameter values

a1              = 3
b1              = -1

After 16 iterations the fit converged.
final sum of squares of residuals : 6.00159e-06
rel. change during last iteration : -2.74904e-06

degrees of freedom    (FIT_NDF)                        : 2
rms of residuals      (FIT_STDFIT) = sqrt(WSSR/ndf)    : 0.00173228
variance of residuals (reduced chisquare) = WSSR/ndf   : 3.00079e-06

Final set of parameters            Asymptotic Standard Error
=======================            ==========================

a1              = 5.74197          +/- 1.17         (20.38%)
b1              = 1.03211          +/- 0.04657      (4.512%)


correlation matrix of the fit parameters:

               a1     b1     
a1              1.000 
b1              0.996  1.000 


*******************************************************************************
Sun May 18 18:15:34 2014


FIT:    data read from 'data.dat' u 1:8
	x range restricted to [0.00100000 : 0.0500000]
        #datapoints = 4
        residuals are weighted equally (unit weight)

function used for fitting: f2(x)
fitted parameters initialized with current variable values



 Iteration 0
 WSSR        : 8.70243e+06       delta(WSSR)/WSSR   : 0
 delta(WSSR) : 0                 limit for stopping : 1e-05
 lambda	  : 6315.84

initial set of free parameter values

a2              = 5
b2              = -1

After 38 iterations the fit converged.
final sum of squares of residuals : 6.06635e-05
rel. change during last iteration : -5.49493e-08

degrees of freedom    (FIT_NDF)                        : 2
rms of residuals      (FIT_STDFIT) = sqrt(WSSR/ndf)    : 0.00550743
variance of residuals (reduced chisquare) = WSSR/ndf   : 3.03318e-05

Final set of parameters            Asymptotic Standard Error
=======================            ==========================

a2              = 3.49274          +/- 0.2968       (8.496%)
b2              = 0.544481         +/- 0.0182       (3.343%)


correlation matrix of the fit parameters:

               a2     b2     
a2              1.000 
b2              0.991  1.000 


*******************************************************************************
Sun May 18 18:15:34 2014


FIT:    data read from 'data.dat' u 1:13
	x range restricted to [0.00100000 : 0.0500000]
        #datapoints = 4
        residuals are weighted equally (unit weight)

function used for fitting: f3(x)
fitted parameters initialized with current variable values



 Iteration 0
 WSSR        : 1.39169e+261      delta(WSSR)/WSSR   : 0
 delta(WSSR) : 0                 limit for stopping : 1e-05
 lambda	  : 6315.84

initial set of free parameter values

a3              = 5
b3              = -1
BREAK:          Undefined value during function evaluation



*******************************************************************************
Sun May 18 18:22:27 2014


FIT:    data read from 'data.dat' u 1:3
	x range restricted to [0.00100000 : 0.0500000]
        #datapoints = 4
        residuals are weighted equally (unit weight)

function used for fitting: f1(x)
fitted parameters initialized with current variable values



 Iteration 0
 WSSR        : 3.13327e+06       delta(WSSR)/WSSR   : 0
 delta(WSSR) : 0                 limit for stopping : 1e-05
 lambda	  : 3793.18

initial set of free parameter values

a1              = 3
b1              = -1

After 53 iterations the fit converged.
final sum of squares of residuals : 5.15642e-05
rel. change during last iteration : -1.75605e-06

degrees of freedom    (FIT_NDF)                        : 2
rms of residuals      (FIT_STDFIT) = sqrt(WSSR/ndf)    : 0.00507761
variance of residuals (reduced chisquare) = WSSR/ndf   : 2.57821e-05

Final set of parameters            Asymptotic Standard Error
=======================            ==========================

a1              = 10.0481          +/- 3.713        (36.95%)
b1              = 1.04739          +/- 0.08452      (8.07%)


correlation matrix of the fit parameters:

               a1     b1     
a1              1.000 
b1              0.996  1.000 


*******************************************************************************
Sun May 18 18:22:27 2014


FIT:    data read from 'data.dat' u 1:8
	x range restricted to [0.00100000 : 0.0500000]
        #datapoints = 4
        residuals are weighted equally (unit weight)

function used for fitting: f2(x)
fitted parameters initialized with current variable values



 Iteration 0
 WSSR        : 8.70134e+06       delta(WSSR)/WSSR   : 0
 delta(WSSR) : 0                 limit for stopping : 1e-05
 lambda	  : 6315.84

initial set of free parameter values

a2              = 5
b2              = -1

After 13 iterations the fit converged.
final sum of squares of residuals : 0.00196938
rel. change during last iteration : -1.8152e-06

degrees of freedom    (FIT_NDF)                        : 2
rms of residuals      (FIT_STDFIT) = sqrt(WSSR/ndf)    : 0.0313798
variance of residuals (reduced chisquare) = WSSR/ndf   : 0.00098469

Final set of parameters            Asymptotic Standard Error
=======================            ==========================

a2              = 3.77087          +/- 1.084        (28.74%)
b2              = 0.458299         +/- 0.06059      (13.22%)


correlation matrix of the fit parameters:

               a2     b2     
a2              1.000 
b2              0.990  1.000 


*******************************************************************************
Sun May 18 18:22:27 2014


FIT:    data read from 'data.dat' u 1:13
	x range restricted to [0.00100000 : 0.0500000]
        #datapoints = 4
        residuals are weighted equally (unit weight)

function used for fitting: f3(x)
fitted parameters initialized with current variable values



 Iteration 0
 WSSR        : 8.65912e+06       delta(WSSR)/WSSR   : 0
 delta(WSSR) : 0                 limit for stopping : 1e-05
 lambda	  : 6315.84

initial set of free parameter values

a3              = 5
b3              = -1

After 11 iterations the fit converged.
final sum of squares of residuals : 0.181975
rel. change during last iteration : -1.05506e-08

degrees of freedom    (FIT_NDF)                        : 2
rms of residuals      (FIT_STDFIT) = sqrt(WSSR/ndf)    : 0.301642
variance of residuals (reduced chisquare) = WSSR/ndf   : 0.0909877

Final set of parameters            Asymptotic Standard Error
=======================            ==========================

a3              = 3.77313          +/- 0.8418       (22.31%)
b3              = -0.039228        +/- 0.04207      (107.2%)


correlation matrix of the fit parameters:

               a3     b3     
a3              1.000 
b3              0.989  1.000 


*******************************************************************************
Sun May 18 18:22:36 2014


FIT:    data read from 'data.dat' u 1:3
	x range restricted to [0.00100000 : 0.0500000]
        #datapoints = 4
        residuals are weighted equally (unit weight)

function used for fitting: f1(x)
fitted parameters initialized with current variable values



 Iteration 0
 WSSR        : 3.13328e+06       delta(WSSR)/WSSR   : 0
 delta(WSSR) : 0                 limit for stopping : 1e-05
 lambda	  : 3793.18

initial set of free parameter values

a1              = 3
b1              = -1

After 69 iterations the fit converged.
final sum of squares of residuals : 1.33424e-05
rel. change during last iteration : -1.19448e-08

degrees of freedom    (FIT_NDF)                        : 2
rms of residuals      (FIT_STDFIT) = sqrt(WSSR/ndf)    : 0.00258287
variance of residuals (reduced chisquare) = WSSR/ndf   : 6.67121e-06

Final set of parameters            Asymptotic Standard Error
=======================            ==========================

a1              = 17.5979          +/- 3.904        (22.18%)
b1              = 1.18832          +/- 0.0513       (4.317%)


correlation matrix of the fit parameters:

               a1     b1     
a1              1.000 
b1              0.997  1.000 


*******************************************************************************
Sun May 18 18:22:36 2014


FIT:    data read from 'data.dat' u 1:8
	x range restricted to [0.00100000 : 0.0500000]
        #datapoints = 4
        residuals are weighted equally (unit weight)

function used for fitting: f2(x)
fitted parameters initialized with current variable values



 Iteration 0
 WSSR        : 8.70081e+06       delta(WSSR)/WSSR   : 0
 delta(WSSR) : 0                 limit for stopping : 1e-05
 lambda	  : 6315.84

initial set of free parameter values

a2              = 5
b2              = -1

After 13 iterations the fit converged.
final sum of squares of residuals : 0.000879802
rel. change during last iteration : -1.32554e-07

degrees of freedom    (FIT_NDF)                        : 2
rms of residuals      (FIT_STDFIT) = sqrt(WSSR/ndf)    : 0.0209738
variance of residuals (reduced chisquare) = WSSR/ndf   : 0.000439901

Final set of parameters            Asymptotic Standard Error
=======================            ==========================

a2              = 4.24899          +/- 0.6897       (16.23%)
b2              = 0.448771         +/- 0.03416      (7.611%)


correlation matrix of the fit parameters:

               a2     b2     
a2              1.000 
b2              0.990  1.000 


*******************************************************************************
Sun May 18 18:22:36 2014


FIT:    data read from 'data.dat' u 1:13
	x range restricted to [0.00100000 : 0.0500000]
        #datapoints = 4
        residuals are weighted equally (unit weight)

function used for fitting: f3(x)
fitted parameters initialized with current variable values



 Iteration 0
 WSSR        : 8.66083e+06       delta(WSSR)/WSSR   : 0
 delta(WSSR) : 0                 limit for stopping : 1e-05
 lambda	  : 6315.84

initial set of free parameter values

a3              = 5
b3              = -1

After 11 iterations the fit converged.
final sum of squares of residuals : 0.0883584
rel. change during last iteration : -1.80391e-08

degrees of freedom    (FIT_NDF)                        : 2
rms of residuals      (FIT_STDFIT) = sqrt(WSSR/ndf)    : 0.210189
variance of residuals (reduced chisquare) = WSSR/ndf   : 0.0441792

Final set of parameters            Asymptotic Standard Error
=======================            ==========================

a3              = 4.1869           +/- 0.6647       (15.88%)
b3              = -0.0140399       +/- 0.03011      (214.5%)


correlation matrix of the fit parameters:

               a3     b3     
a3              1.000 
b3              0.989  1.000 


*******************************************************************************
Sun May 18 18:40:21 2014


FIT:    data read from 'data.dat' u 1:3
	x range restricted to [0.00100000 : 0.0500000]
        #datapoints = 4
        residuals are weighted equally (unit weight)

function used for fitting: f1(x)
fitted parameters initialized with current variable values



 Iteration 0
 WSSR        : 3.13307e+06       delta(WSSR)/WSSR   : 0
 delta(WSSR) : 0                 limit for stopping : 1e-05
 lambda	  : 3793.18

initial set of free parameter values

a1              = 3
b1              = -1

After 95 iterations the fit converged.
final sum of squares of residuals : 0.000113461
rel. change during last iteration : -2.53046e-08

degrees of freedom    (FIT_NDF)                        : 2
rms of residuals      (FIT_STDFIT) = sqrt(WSSR/ndf)    : 0.00753197
variance of residuals (reduced chisquare) = WSSR/ndf   : 5.67305e-05

Final set of parameters            Asymptotic Standard Error
=======================            ==========================

a1              = 29.0744          +/- 8.399        (28.89%)
b1              = 1.12919          +/- 0.06652      (5.891%)


correlation matrix of the fit parameters:

               a1     b1     
a1              1.000 
b1              0.996  1.000 


*******************************************************************************
Sun May 18 18:40:21 2014


FIT:    data read from 'data.dat' u 1:8
	x range restricted to [0.00100000 : 0.0500000]
        #datapoints = 4
        residuals are weighted equally (unit weight)

function used for fitting: f2(x)
fitted parameters initialized with current variable values



 Iteration 0
 WSSR        : 8.69955e+06       delta(WSSR)/WSSR   : 0
 delta(WSSR) : 0                 limit for stopping : 1e-05
 lambda	  : 6315.84

initial set of free parameter values

a2              = 5
b2              = -1

After 13 iterations the fit converged.
final sum of squares of residuals : 0.00180962
rel. change during last iteration : -1.61971e-09

degrees of freedom    (FIT_NDF)                        : 2
rms of residuals      (FIT_STDFIT) = sqrt(WSSR/ndf)    : 0.0300801
variance of residuals (reduced chisquare) = WSSR/ndf   : 0.000904812

Final set of parameters            Asymptotic Standard Error
=======================            ==========================

a2              = 3.23902          +/- 0.5676       (17.52%)
b2              = 0.340452         +/- 0.03605      (10.59%)


correlation matrix of the fit parameters:

               a2     b2     
a2              1.000 
b2              0.989  1.000 


*******************************************************************************
Sun May 18 18:40:21 2014


FIT:    data read from 'data.dat' u 1:13
	x range restricted to [0.00100000 : 0.0500000]
        #datapoints = 4
        residuals are weighted equally (unit weight)

function used for fitting: f3(x)
fitted parameters initialized with current variable values



 Iteration 0
 WSSR        : 8.67833e+06       delta(WSSR)/WSSR   : 0
 delta(WSSR) : 0                 limit for stopping : 1e-05
 lambda	  : 6315.84

initial set of free parameter values

a3              = 5
b3              = -1

After 23 iterations the fit converged.
final sum of squares of residuals : 0.498763
rel. change during last iteration : -2.34073e-08

degrees of freedom    (FIT_NDF)                        : 2
rms of residuals      (FIT_STDFIT) = sqrt(WSSR/ndf)    : 0.499381
variance of residuals (reduced chisquare) = WSSR/ndf   : 0.249382

Final set of parameters            Asymptotic Standard Error
=======================            ==========================

a3              = 16.8336          +/- 8.341        (49.55%)
b3              = 0.31655          +/- 0.1014       (32.03%)


correlation matrix of the fit parameters:

               a3     b3     
a3              1.000 
b3              0.989  1.000 


*******************************************************************************
Sun May 18 18:43:42 2014


FIT:    data read from 'data.dat' u 1:3
	x range restricted to [0.00100000 : 0.0500000]
        #datapoints = 4
        residuals are weighted equally (unit weight)

function used for fitting: f1(x)
fitted parameters initialized with current variable values



 Iteration 0
 WSSR        : 3.13312e+06       delta(WSSR)/WSSR   : 0
 delta(WSSR) : 0                 limit for stopping : 1e-05
 lambda	  : 3793.18

initial set of free parameter values

a1              = 3
b1              = -1

After 73 iterations the fit converged.
final sum of squares of residuals : 7.47044e-06
rel. change during last iteration : -2.71096e-09

degrees of freedom    (FIT_NDF)                        : 2
rms of residuals      (FIT_STDFIT) = sqrt(WSSR/ndf)    : 0.00193267
variance of residuals (reduced chisquare) = WSSR/ndf   : 3.73522e-06

Final set of parameters            Asymptotic Standard Error
=======================            ==========================

a1              = 14.0087          +/- 1.154        (8.241%)
b1              = 1.00829          +/- 0.01879      (1.863%)


correlation matrix of the fit parameters:

               a1     b1     
a1              1.000 
b1              0.995  1.000 


*******************************************************************************
Sun May 18 18:43:42 2014


FIT:    data read from 'data.dat' u 1:8
	x range restricted to [0.00100000 : 0.0500000]
        #datapoints = 4
        residuals are weighted equally (unit weight)

function used for fitting: f2(x)
fitted parameters initialized with current variable values



 Iteration 0
 WSSR        : 8.70015e+06       delta(WSSR)/WSSR   : 0
 delta(WSSR) : 0                 limit for stopping : 1e-05
 lambda	  : 6315.84

initial set of free parameter values

a2              = 5
b2              = -1

After 16 iterations the fit converged.
final sum of squares of residuals : 0.000429869
rel. change during last iteration : -8.58682e-09

degrees of freedom    (FIT_NDF)                        : 2
rms of residuals      (FIT_STDFIT) = sqrt(WSSR/ndf)    : 0.0146606
variance of residuals (reduced chisquare) = WSSR/ndf   : 0.000214934

Final set of parameters            Asymptotic Standard Error
=======================            ==========================

a2              = 7.80875          +/- 0.7249       (9.283%)
b2              = 0.527847         +/- 0.01983      (3.757%)


correlation matrix of the fit parameters:

               a2     b2     
a2              1.000 
b2              0.991  1.000 


*******************************************************************************
Sun May 18 18:43:42 2014


FIT:    data read from 'data.dat' u 1:13
	x range restricted to [0.00100000 : 0.0500000]
        #datapoints = 4
        residuals are weighted equally (unit weight)

function used for fitting: f3(x)
fitted parameters initialized with current variable values



 Iteration 0
 WSSR        : 8.66921e+06       delta(WSSR)/WSSR   : 0
 delta(WSSR) : 0                 limit for stopping : 1e-05
 lambda	  : 6315.84

initial set of free parameter values

a3              = 5
b3              = -1

After 10 iterations the fit converged.
final sum of squares of residuals : 0.0162515
rel. change during last iteration : -8.90395e-06

degrees of freedom    (FIT_NDF)                        : 2
rms of residuals      (FIT_STDFIT) = sqrt(WSSR/ndf)    : 0.0901429
variance of residuals (reduced chisquare) = WSSR/ndf   : 0.00812574

Final set of parameters            Asymptotic Standard Error
=======================            ==========================

a3              = 3.75905          +/- 0.3152       (8.384%)
b3              = 0.00613699       +/- 0.01597      (260.3%)


correlation matrix of the fit parameters:

               a3     b3     
a3              1.000 
b3              0.989  1.000 


*******************************************************************************
Sun May 18 18:51:02 2014


FIT:    data read from 'data.dat' u 1:3
	x range restricted to [0.00100000 : 0.0500000]
        #datapoints = 4
        residuals are weighted equally (unit weight)

function used for fitting: f1(x)
fitted parameters initialized with current variable values



 Iteration 0
 WSSR        : 3.13331e+06       delta(WSSR)/WSSR   : 0
 delta(WSSR) : 0                 limit for stopping : 1e-05
 lambda	  : 3793.18

initial set of free parameter values

a1              = 3
b1              = -1

After 31 iterations the fit converged.
final sum of squares of residuals : 2.48328e-05
rel. change during last iteration : -1.61194e-07

degrees of freedom    (FIT_NDF)                        : 2
rms of residuals      (FIT_STDFIT) = sqrt(WSSR/ndf)    : 0.00352369
variance of residuals (reduced chisquare) = WSSR/ndf   : 1.24164e-05

Final set of parameters            Asymptotic Standard Error
=======================            ==========================

a1              = 15.629           +/- 5.633        (36.04%)
b1              = 1.19924          +/- 0.08342      (6.956%)


correlation matrix of the fit parameters:

               a1     b1     
a1              1.000 
b1              0.997  1.000 


*******************************************************************************
Sun May 18 18:51:02 2014


FIT:    data read from 'data.dat' u 1:8
	x range restricted to [0.00100000 : 0.0500000]
        #datapoints = 4
        residuals are weighted equally (unit weight)

function used for fitting: f2(x)
fitted parameters initialized with current variable values



 Iteration 0
 WSSR        : 8.7012e+06        delta(WSSR)/WSSR   : 0
 delta(WSSR) : 0                 limit for stopping : 1e-05
 lambda	  : 6315.84

initial set of free parameter values

a2              = 5
b2              = -1

After 13 iterations the fit converged.
final sum of squares of residuals : 7.41681e-05
rel. change during last iteration : -6.89753e-07

degrees of freedom    (FIT_NDF)                        : 2
rms of residuals      (FIT_STDFIT) = sqrt(WSSR/ndf)    : 0.00608967
variance of residuals (reduced chisquare) = WSSR/ndf   : 3.7084e-05

Final set of parameters            Asymptotic Standard Error
=======================            ==========================

a2              = 3.92228          +/- 0.2122       (5.41%)
b2              = 0.460006         +/- 0.01141      (2.48%)


correlation matrix of the fit parameters:

               a2     b2     
a2              1.000 
b2              0.990  1.000 


*******************************************************************************
Sun May 18 18:51:02 2014


FIT:    data read from 'data.dat' u 1:13
	x range restricted to [0.00100000 : 0.0500000]
        #datapoints = 4
        residuals are weighted equally (unit weight)

function used for fitting: f3(x)
fitted parameters initialized with current variable values



 Iteration 0
 WSSR        : 8.63332e+06       delta(WSSR)/WSSR   : 0
 delta(WSSR) : 0                 limit for stopping : 1e-05
 lambda	  : 6315.84

initial set of free parameter values

a3              = 5
b3              = -1

After 13 iterations the fit converged.
final sum of squares of residuals : 4.68631e-26
rel. change during last iteration : 0

degrees of freedom    (FIT_NDF)                        : 2
rms of residuals      (FIT_STDFIT) = sqrt(WSSR/ndf)    : 1.53074e-13
variance of residuals (reduced chisquare) = WSSR/ndf   : 2.34315e-26

BREAK:          Singular matrix in Invert_RtR



*******************************************************************************
Sun May 18 18:52:37 2014


FIT:    data read from 'data.dat' u 1:3
	x range restricted to [0.00100000 : 0.0500000]
        #datapoints = 4
        residuals are weighted equally (unit weight)

function used for fitting: f1(x)
fitted parameters initialized with current variable values



 Iteration 0
 WSSR        : 3.1332e+06        delta(WSSR)/WSSR   : 0
 delta(WSSR) : 0                 limit for stopping : 1e-05
 lambda	  : 3793.18

initial set of free parameter values

a1              = 3
b1              = -1

After 39 iterations the fit converged.
final sum of squares of residuals : 1.96075e-05
rel. change during last iteration : -2.25394e-09

degrees of freedom    (FIT_NDF)                        : 2
rms of residuals      (FIT_STDFIT) = sqrt(WSSR/ndf)    : 0.0031311
variance of residuals (reduced chisquare) = WSSR/ndf   : 9.80376e-06

Final set of parameters            Asymptotic Standard Error
=======================            ==========================

a1              = 6.794            +/- 1.113        (16.38%)
b1              = 0.90813          +/- 0.03698      (4.072%)


correlation matrix of the fit parameters:

               a1     b1     
a1              1.000 
b1              0.995  1.000 


*******************************************************************************
Sun May 18 18:52:37 2014


FIT:    data read from 'data.dat' u 1:8
	x range restricted to [0.00100000 : 0.0500000]
        #datapoints = 4
        residuals are weighted equally (unit weight)

function used for fitting: f2(x)
fitted parameters initialized with current variable values



 Iteration 0
 WSSR        : 8.69965e+06       delta(WSSR)/WSSR   : 0
 delta(WSSR) : 0                 limit for stopping : 1e-05
 lambda	  : 6315.84

initial set of free parameter values

a2              = 5
b2              = -1

After 13 iterations the fit converged.
final sum of squares of residuals : 0.022121
rel. change during last iteration : -6.31741e-08

degrees of freedom    (FIT_NDF)                        : 2
rms of residuals      (FIT_STDFIT) = sqrt(WSSR/ndf)    : 0.105169
variance of residuals (reduced chisquare) = WSSR/ndf   : 0.0110605

Final set of parameters            Asymptotic Standard Error
=======================            ==========================

a2              = 3.1252           +/- 2.097        (67.09%)
b2              = 0.3512           +/- 0.1383       (39.39%)


correlation matrix of the fit parameters:

               a2     b2     
a2              1.000 
b2              0.989  1.000 


*******************************************************************************
Sun May 18 18:52:37 2014


FIT:    data read from 'data.dat' u 1:13
	x range restricted to [0.00100000 : 0.0500000]
        #datapoints = 4
        residuals are weighted equally (unit weight)

function used for fitting: f3(x)
fitted parameters initialized with current variable values



 Iteration 0
 WSSR        : 8.63332e+06       delta(WSSR)/WSSR   : 0
 delta(WSSR) : 0                 limit for stopping : 1e-05
 lambda	  : 6315.84

initial set of free parameter values

a3              = 5
b3              = -1

After 13 iterations the fit converged.
final sum of squares of residuals : 4.68631e-26
rel. change during last iteration : 0

degrees of freedom    (FIT_NDF)                        : 2
rms of residuals      (FIT_STDFIT) = sqrt(WSSR/ndf)    : 1.53074e-13
variance of residuals (reduced chisquare) = WSSR/ndf   : 2.34315e-26

BREAK:          Singular matrix in Invert_RtR



*******************************************************************************
Sun May 18 18:53:56 2014


FIT:    data read from 'data.dat' u 1:3
	x range restricted to [0.00100000 : 0.0500000]
        #datapoints = 4
        residuals are weighted equally (unit weight)

function used for fitting: f1(x)
fitted parameters initialized with current variable values



 Iteration 0
 WSSR        : 3.13332e+06       delta(WSSR)/WSSR   : 0
 delta(WSSR) : 0                 limit for stopping : 1e-05
 lambda	  : 3793.18

initial set of free parameter values

a1              = 3
b1              = -1

After 44 iterations the fit converged.
final sum of squares of residuals : 3.67465e-05
rel. change during last iteration : -4.46827e-08

degrees of freedom    (FIT_NDF)                        : 2
rms of residuals      (FIT_STDFIT) = sqrt(WSSR/ndf)    : 0.0042864
variance of residuals (reduced chisquare) = WSSR/ndf   : 1.83732e-05

Final set of parameters            Asymptotic Standard Error
=======================            ==========================

a1              = 0.969111         +/- 0.4217       (43.51%)
b1              = 0.660687         +/- 0.09507      (14.39%)


correlation matrix of the fit parameters:

               a1     b1     
a1              1.000 
b1              0.992  1.000 


*******************************************************************************
Sun May 18 18:53:56 2014


FIT:    data read from 'data.dat' u 1:8
	x range restricted to [0.00100000 : 0.0500000]
        #datapoints = 4
        residuals are weighted equally (unit weight)

function used for fitting: f2(x)
fitted parameters initialized with current variable values



 Iteration 0
 WSSR        : 8.70182e+06       delta(WSSR)/WSSR   : 0
 delta(WSSR) : 0                 limit for stopping : 1e-05
 lambda	  : 6315.84

initial set of free parameter values

a2              = 5
b2              = -1

After 29 iterations the fit converged.
final sum of squares of residuals : 0.00180205
rel. change during last iteration : 0

degrees of freedom    (FIT_NDF)                        : 2
rms of residuals      (FIT_STDFIT) = sqrt(WSSR/ndf)    : 0.0300171
variance of residuals (reduced chisquare) = WSSR/ndf   : 0.000901027

Final set of parameters            Asymptotic Standard Error
=======================            ==========================

a2              = 2.05177          +/- 0.7405       (36.09%)
b2              = 0.392815         +/- 0.07508      (19.11%)


correlation matrix of the fit parameters:

               a2     b2     
a2              1.000 
b2              0.990  1.000 


*******************************************************************************
Sun May 18 18:53:56 2014


FIT:    data read from 'data.dat' u 1:13
	x range restricted to [0.00100000 : 0.0500000]
        #datapoints = 4
        residuals are weighted equally (unit weight)

function used for fitting: f3(x)
fitted parameters initialized with current variable values



 Iteration 0
 WSSR        : 8.63332e+06       delta(WSSR)/WSSR   : 0
 delta(WSSR) : 0                 limit for stopping : 1e-05
 lambda	  : 6315.84

initial set of free parameter values

a3              = 5
b3              = -1

After 13 iterations the fit converged.
final sum of squares of residuals : 4.68631e-26
rel. change during last iteration : 0

degrees of freedom    (FIT_NDF)                        : 2
rms of residuals      (FIT_STDFIT) = sqrt(WSSR/ndf)    : 1.53074e-13
variance of residuals (reduced chisquare) = WSSR/ndf   : 2.34315e-26

BREAK:          Singular matrix in Invert_RtR

